[2022-02-27T08:49:13.924] [ERROR] file - ReferenceError: usuario is not defined
    at exports.RegisterUser (C:\Users\Usuario\Desktop\CoderHouse Andres\Entregables\Entregables Obligatorios\Proyecto Final CoderHouse\Tercera Entrega Proyecto Final\Back\src\controllers\usuarios.controllers.js:44:57)
    at Layer.handle [as handle_request] (C:\Users\Usuario\Desktop\CoderHouse Andres\Entregables\Entregables Obligatorios\Proyecto Final CoderHouse\Tercera Entrega Proyecto Final\Back\node_modules\express\lib\router\layer.js:95:5)
    at next (C:\Users\Usuario\Desktop\CoderHouse Andres\Entregables\Entregables Obligatorios\Proyecto Final CoderHouse\Tercera Entrega Proyecto Final\Back\node_modules\express\lib\router\route.js:137:13)
    at middleware (C:\Users\Usuario\Desktop\CoderHouse Andres\Entregables\Entregables Obligatorios\Proyecto Final CoderHouse\Tercera Entrega Proyecto Final\Back\node_modules\express-validator\src\middlewares\check.js:16:13)
    at processTicksAndRejections (internal/process/task_queues.js:93:5)
[2022-02-27T08:51:41.725] [ERROR] file - ReferenceError: usuario is not defined
    at exports.RegisterUser (C:\Users\Usuario\Desktop\CoderHouse Andres\Entregables\Entregables Obligatorios\Proyecto Final CoderHouse\Tercera Entrega Proyecto Final\Back\src\controllers\usuarios.controllers.js:64:22)
    at processTicksAndRejections (internal/process/task_queues.js:93:5)
[2022-02-27T08:55:25.724] [ERROR] file - Error: No recipients defined
    at SMTPConnection._formatError (C:\Users\Usuario\Desktop\CoderHouse Andres\Entregables\Entregables Obligatorios\Proyecto Final CoderHouse\Tercera Entrega Proyecto Final\Back\node_modules\nodemailer\lib\smtp-connection\index.js:784:19)
    at SMTPConnection._setEnvelope (C:\Users\Usuario\Desktop\CoderHouse Andres\Entregables\Entregables Obligatorios\Proyecto Final CoderHouse\Tercera Entrega Proyecto Final\Back\node_modules\nodemailer\lib\smtp-connection\index.js:1001:34)
    at SMTPConnection.send (C:\Users\Usuario\Desktop\CoderHouse Andres\Entregables\Entregables Obligatorios\Proyecto Final CoderHouse\Tercera Entrega Proyecto Final\Back\node_modules\nodemailer\lib\smtp-connection\index.js:615:14)
    at sendMessage (C:\Users\Usuario\Desktop\CoderHouse Andres\Entregables\Entregables Obligatorios\Proyecto Final CoderHouse\Tercera Entrega Proyecto Final\Back\node_modules\nodemailer\lib\smtp-transport\index.js:227:28)
    at C:\Users\Usuario\Desktop\CoderHouse Andres\Entregables\Entregables Obligatorios\Proyecto Final CoderHouse\Tercera Entrega Proyecto Final\Back\node_modules\nodemailer\lib\smtp-transport\index.js:285:25
    at SMTPConnection._actionAUTHComplete (C:\Users\Usuario\Desktop\CoderHouse Andres\Entregables\Entregables Obligatorios\Proyecto Final CoderHouse\Tercera Entrega Proyecto Final\Back\node_modules\nodemailer\lib\smtp-connection\index.js:1550:9)
    at SMTPConnection.<anonymous> (C:\Users\Usuario\Desktop\CoderHouse Andres\Entregables\Entregables Obligatorios\Proyecto Final CoderHouse\Tercera Entrega Proyecto Final\Back\node_modules\nodemailer\lib\smtp-connection\index.js:1725:22)
    at SMTPConnection._processResponse (C:\Users\Usuario\Desktop\CoderHouse Andres\Entregables\Entregables Obligatorios\Proyecto Final CoderHouse\Tercera Entrega Proyecto Final\Back\node_modules\nodemailer\lib\smtp-connection\index.js:947:20)
    at SMTPConnection._onData (C:\Users\Usuario\Desktop\CoderHouse Andres\Entregables\Entregables Obligatorios\Proyecto Final CoderHouse\Tercera Entrega Proyecto Final\Back\node_modules\nodemailer\lib\smtp-connection\index.js:749:14)
    at TLSSocket.SMTPConnection._onSocketData (C:\Users\Usuario\Desktop\CoderHouse Andres\Entregables\Entregables Obligatorios\Proyecto Final CoderHouse\Tercera Entrega Proyecto Final\Back\node_modules\nodemailer\lib\smtp-connection\index.js:189:44)
    at TLSSocket.emit (events.js:315:20)
    at addChunk (_stream_readable.js:309:12)
    at readableAddChunk (_stream_readable.js:284:9)
    at TLSSocket.Readable.push (_stream_readable.js:223:10)
    at TLSWrap.onStreamRead (internal/stream_base_commons.js:188:23) {
  code: 'EENVELOPE',
  command: 'API'
}
[2022-03-05T10:59:46.004] [ERROR] file - ReferenceError: res is not defined
    at UsuariosDAOMongoDB.ModifyOneUser (C:\Users\Usuario\Desktop\CoderHouse Andres\Entregables\Entregables Obligatorios\Proyecto Final CoderHouse\Cuarta Entrega Proyecto Final\Back\src\contenedores\usuarios.contenedor.js:101:13)
    at processTicksAndRejections (internal/process/task_queues.js:93:5)
    at async exports.ModifyOneUser (C:\Users\Usuario\Desktop\CoderHouse Andres\Entregables\Entregables Obligatorios\Proyecto Final CoderHouse\Cuarta Entrega Proyecto Final\Back\src\controllers\usuarios.controllers.js:270:25)
[2022-03-05T15:16:05.810] [ERROR] file - ReferenceError: res is not defined
    at UsuariosDaosFirebase.findOneId (C:\Users\Usuario\Desktop\CoderHouse Andres\Entregables\Entregables Obligatorios\Proyecto Final CoderHouse\Cuarta Entrega Proyecto Final\Back\src\contenedores\usuarios.contenedores.Firebase.js:72:13)
    at exports.GetOneUser (C:\Users\Usuario\Desktop\CoderHouse Andres\Entregables\Entregables Obligatorios\Proyecto Final CoderHouse\Cuarta Entrega Proyecto Final\Back\src\controllers\usuarios.controllers.js:248:43)
    at Layer.handle [as handle_request] (C:\Users\Usuario\Desktop\CoderHouse Andres\Entregables\Entregables Obligatorios\Proyecto Final CoderHouse\Cuarta Entrega Proyecto Final\Back\node_modules\express\lib\router\layer.js:95:5)
    at next (C:\Users\Usuario\Desktop\CoderHouse Andres\Entregables\Entregables Obligatorios\Proyecto Final CoderHouse\Cuarta Entrega Proyecto Final\Back\node_modules\express\lib\router\route.js:137:13)
    at Route.dispatch (C:\Users\Usuario\Desktop\CoderHouse Andres\Entregables\Entregables Obligatorios\Proyecto Final CoderHouse\Cuarta Entrega Proyecto Final\Back\node_modules\express\lib\router\route.js:112:3)
    at Layer.handle [as handle_request] (C:\Users\Usuario\Desktop\CoderHouse Andres\Entregables\Entregables Obligatorios\Proyecto Final CoderHouse\Cuarta Entrega Proyecto Final\Back\node_modules\express\lib\router\layer.js:95:5)
    at C:\Users\Usuario\Desktop\CoderHouse Andres\Entregables\Entregables Obligatorios\Proyecto Final CoderHouse\Cuarta Entrega Proyecto Final\Back\node_modules\express\lib\router\index.js:281:22
    at param (C:\Users\Usuario\Desktop\CoderHouse Andres\Entregables\Entregables Obligatorios\Proyecto Final CoderHouse\Cuarta Entrega Proyecto Final\Back\node_modules\express\lib\router\index.js:354:14)
    at param (C:\Users\Usuario\Desktop\CoderHouse Andres\Entregables\Entregables Obligatorios\Proyecto Final CoderHouse\Cuarta Entrega Proyecto Final\Back\node_modules\express\lib\router\index.js:365:14)
    at Function.process_params (C:\Users\Usuario\Desktop\CoderHouse Andres\Entregables\Entregables Obligatorios\Proyecto Final CoderHouse\Cuarta Entrega Proyecto Final\Back\node_modules\express\lib\router\index.js:410:3)
[2022-03-05T15:16:07.976] [ERROR] file - ReferenceError: res is not defined
    at UsuariosDaosFirebase.findOneId (C:\Users\Usuario\Desktop\CoderHouse Andres\Entregables\Entregables Obligatorios\Proyecto Final CoderHouse\Cuarta Entrega Proyecto Final\Back\src\contenedores\usuarios.contenedores.Firebase.js:72:13)
    at exports.GetOneUser (C:\Users\Usuario\Desktop\CoderHouse Andres\Entregables\Entregables Obligatorios\Proyecto Final CoderHouse\Cuarta Entrega Proyecto Final\Back\src\controllers\usuarios.controllers.js:248:43)
    at Layer.handle [as handle_request] (C:\Users\Usuario\Desktop\CoderHouse Andres\Entregables\Entregables Obligatorios\Proyecto Final CoderHouse\Cuarta Entrega Proyecto Final\Back\node_modules\express\lib\router\layer.js:95:5)
    at next (C:\Users\Usuario\Desktop\CoderHouse Andres\Entregables\Entregables Obligatorios\Proyecto Final CoderHouse\Cuarta Entrega Proyecto Final\Back\node_modules\express\lib\router\route.js:137:13)
    at Route.dispatch (C:\Users\Usuario\Desktop\CoderHouse Andres\Entregables\Entregables Obligatorios\Proyecto Final CoderHouse\Cuarta Entrega Proyecto Final\Back\node_modules\express\lib\router\route.js:112:3)
    at Layer.handle [as handle_request] (C:\Users\Usuario\Desktop\CoderHouse Andres\Entregables\Entregables Obligatorios\Proyecto Final CoderHouse\Cuarta Entrega Proyecto Final\Back\node_modules\express\lib\router\layer.js:95:5)
    at C:\Users\Usuario\Desktop\CoderHouse Andres\Entregables\Entregables Obligatorios\Proyecto Final CoderHouse\Cuarta Entrega Proyecto Final\Back\node_modules\express\lib\router\index.js:281:22
    at param (C:\Users\Usuario\Desktop\CoderHouse Andres\Entregables\Entregables Obligatorios\Proyecto Final CoderHouse\Cuarta Entrega Proyecto Final\Back\node_modules\express\lib\router\index.js:354:14)
    at param (C:\Users\Usuario\Desktop\CoderHouse Andres\Entregables\Entregables Obligatorios\Proyecto Final CoderHouse\Cuarta Entrega Proyecto Final\Back\node_modules\express\lib\router\index.js:365:14)
    at Function.process_params (C:\Users\Usuario\Desktop\CoderHouse Andres\Entregables\Entregables Obligatorios\Proyecto Final CoderHouse\Cuarta Entrega Proyecto Final\Back\node_modules\express\lib\router\index.js:410:3)
